<?xml version="1.0" encoding="UTF-8"?>
<testsuite xmlns:xsi="http://www.w3.org/2001/XMLSchema-instance" xsi:noNamespaceSchemaLocation="https://maven.apache.org/surefire/maven-surefire-plugin/xsd/surefire-test-report.xsd" name="com.api.wallet.service.TransactionServiceTest" time="0.737" tests="4" errors="0" skipped="0" failures="0">
  <properties>
    <property name="gopherProxySet" value="false"/>
    <property name="awt.toolkit" value="sun.lwawt.macosx.LWCToolkit"/>
    <property name="java.specification.version" value="11"/>
    <property name="sun.cpu.isalist" value=""/>
    <property name="sun.jnu.encoding" value="UTF-8"/>
    <property name="java.class.path" value="/Users/diana/Documents/Projects/wallet-app/target/test-classes:/Users/diana/Documents/Projects/wallet-app/target/classes:/Users/diana/.m2/repository/org/springframework/boot/spring-boot-starter-actuator/2.6.3/spring-boot-starter-actuator-2.6.3.jar:/Users/diana/.m2/repository/org/springframework/boot/spring-boot-starter/2.6.3/spring-boot-starter-2.6.3.jar:/Users/diana/.m2/repository/org/springframework/boot/spring-boot-starter-logging/2.6.3/spring-boot-starter-logging-2.6.3.jar:/Users/diana/.m2/repository/ch/qos/logback/logback-classic/1.2.10/logback-classic-1.2.10.jar:/Users/diana/.m2/repository/ch/qos/logback/logback-core/1.2.10/logback-core-1.2.10.jar:/Users/diana/.m2/repository/org/apache/logging/log4j/log4j-to-slf4j/2.17.1/log4j-to-slf4j-2.17.1.jar:/Users/diana/.m2/repository/org/apache/logging/log4j/log4j-api/2.17.1/log4j-api-2.17.1.jar:/Users/diana/.m2/repository/org/slf4j/jul-to-slf4j/1.7.33/jul-to-slf4j-1.7.33.jar:/Users/diana/.m2/repository/jakarta/annotation/jakarta.annotation-api/1.3.5/jakarta.annotation-api-1.3.5.jar:/Users/diana/.m2/repository/org/yaml/snakeyaml/1.29/snakeyaml-1.29.jar:/Users/diana/.m2/repository/org/springframework/boot/spring-boot-actuator-autoconfigure/2.6.3/spring-boot-actuator-autoconfigure-2.6.3.jar:/Users/diana/.m2/repository/org/springframework/boot/spring-boot-actuator/2.6.3/spring-boot-actuator-2.6.3.jar:/Users/diana/.m2/repository/com/fasterxml/jackson/core/jackson-databind/2.13.1/jackson-databind-2.13.1.jar:/Users/diana/.m2/repository/com/fasterxml/jackson/datatype/jackson-datatype-jsr310/2.13.1/jackson-datatype-jsr310-2.13.1.jar:/Users/diana/.m2/repository/io/micrometer/micrometer-core/1.8.2/micrometer-core-1.8.2.jar:/Users/diana/.m2/repository/org/hdrhistogram/HdrHistogram/2.1.12/HdrHistogram-2.1.12.jar:/Users/diana/.m2/repository/org/latencyutils/LatencyUtils/2.0.3/LatencyUtils-2.0.3.jar:/Users/diana/.m2/repository/org/springframework/boot/spring-boot-starter-data-jpa/2.6.3/spring-boot-starter-data-jpa-2.6.3.jar:/Users/diana/.m2/repository/org/springframework/boot/spring-boot-starter-jdbc/2.6.3/spring-boot-starter-jdbc-2.6.3.jar:/Users/diana/.m2/repository/com/zaxxer/HikariCP/4.0.3/HikariCP-4.0.3.jar:/Users/diana/.m2/repository/org/springframework/spring-jdbc/5.3.15/spring-jdbc-5.3.15.jar:/Users/diana/.m2/repository/jakarta/transaction/jakarta.transaction-api/1.3.3/jakarta.transaction-api-1.3.3.jar:/Users/diana/.m2/repository/jakarta/persistence/jakarta.persistence-api/2.2.3/jakarta.persistence-api-2.2.3.jar:/Users/diana/.m2/repository/org/hibernate/hibernate-core/5.6.4.Final/hibernate-core-5.6.4.Final.jar:/Users/diana/.m2/repository/org/jboss/logging/jboss-logging/3.4.3.Final/jboss-logging-3.4.3.Final.jar:/Users/diana/.m2/repository/antlr/antlr/2.7.7/antlr-2.7.7.jar:/Users/diana/.m2/repository/org/jboss/jandex/2.4.2.Final/jandex-2.4.2.Final.jar:/Users/diana/.m2/repository/com/fasterxml/classmate/1.5.1/classmate-1.5.1.jar:/Users/diana/.m2/repository/org/hibernate/common/hibernate-commons-annotations/5.1.2.Final/hibernate-commons-annotations-5.1.2.Final.jar:/Users/diana/.m2/repository/org/glassfish/jaxb/jaxb-runtime/2.3.5/jaxb-runtime-2.3.5.jar:/Users/diana/.m2/repository/org/glassfish/jaxb/txw2/2.3.5/txw2-2.3.5.jar:/Users/diana/.m2/repository/com/sun/istack/istack-commons-runtime/3.0.12/istack-commons-runtime-3.0.12.jar:/Users/diana/.m2/repository/com/sun/activation/jakarta.activation/1.2.2/jakarta.activation-1.2.2.jar:/Users/diana/.m2/repository/org/springframework/data/spring-data-jpa/2.6.1/spring-data-jpa-2.6.1.jar:/Users/diana/.m2/repository/org/springframework/data/spring-data-commons/2.6.1/spring-data-commons-2.6.1.jar:/Users/diana/.m2/repository/org/springframework/spring-orm/5.3.15/spring-orm-5.3.15.jar:/Users/diana/.m2/repository/org/springframework/spring-context/5.3.15/spring-context-5.3.15.jar:/Users/diana/.m2/repository/org/springframework/spring-tx/5.3.15/spring-tx-5.3.15.jar:/Users/diana/.m2/repository/org/springframework/spring-beans/5.3.15/spring-beans-5.3.15.jar:/Users/diana/.m2/repository/org/springframework/spring-aspects/5.3.15/spring-aspects-5.3.15.jar:/Users/diana/.m2/repository/org/springframework/boot/spring-boot-starter-web/2.6.3/spring-boot-starter-web-2.6.3.jar:/Users/diana/.m2/repository/org/springframework/boot/spring-boot-starter-json/2.6.3/spring-boot-starter-json-2.6.3.jar:/Users/diana/.m2/repository/com/fasterxml/jackson/datatype/jackson-datatype-jdk8/2.13.1/jackson-datatype-jdk8-2.13.1.jar:/Users/diana/.m2/repository/com/fasterxml/jackson/module/jackson-module-parameter-names/2.13.1/jackson-module-parameter-names-2.13.1.jar:/Users/diana/.m2/repository/org/springframework/boot/spring-boot-starter-tomcat/2.6.3/spring-boot-starter-tomcat-2.6.3.jar:/Users/diana/.m2/repository/org/apache/tomcat/embed/tomcat-embed-core/9.0.56/tomcat-embed-core-9.0.56.jar:/Users/diana/.m2/repository/org/apache/tomcat/embed/tomcat-embed-el/9.0.56/tomcat-embed-el-9.0.56.jar:/Users/diana/.m2/repository/org/apache/tomcat/embed/tomcat-embed-websocket/9.0.56/tomcat-embed-websocket-9.0.56.jar:/Users/diana/.m2/repository/org/springframework/spring-web/5.3.15/spring-web-5.3.15.jar:/Users/diana/.m2/repository/org/springframework/spring-webmvc/5.3.15/spring-webmvc-5.3.15.jar:/Users/diana/.m2/repository/org/springframework/spring-expression/5.3.15/spring-expression-5.3.15.jar:/Users/diana/.m2/repository/org/springframework/boot/spring-boot-devtools/2.6.3/spring-boot-devtools-2.6.3.jar:/Users/diana/.m2/repository/org/springframework/boot/spring-boot/2.6.3/spring-boot-2.6.3.jar:/Users/diana/.m2/repository/org/springframework/boot/spring-boot-autoconfigure/2.6.3/spring-boot-autoconfigure-2.6.3.jar:/Users/diana/.m2/repository/com/h2database/h2/1.4.200/h2-1.4.200.jar:/Users/diana/.m2/repository/org/postgresql/postgresql/42.6.0/postgresql-42.6.0.jar:/Users/diana/.m2/repository/org/checkerframework/checker-qual/3.31.0/checker-qual-3.31.0.jar:/Users/diana/.m2/repository/org/projectlombok/lombok/1.18.22/lombok-1.18.22.jar:/Users/diana/.m2/repository/org/springframework/boot/spring-boot-starter-test/2.6.3/spring-boot-starter-test-2.6.3.jar:/Users/diana/.m2/repository/org/springframework/boot/spring-boot-test/2.6.3/spring-boot-test-2.6.3.jar:/Users/diana/.m2/repository/org/springframework/boot/spring-boot-test-autoconfigure/2.6.3/spring-boot-test-autoconfigure-2.6.3.jar:/Users/diana/.m2/repository/com/jayway/jsonpath/json-path/2.6.0/json-path-2.6.0.jar:/Users/diana/.m2/repository/net/minidev/json-smart/2.4.7/json-smart-2.4.7.jar:/Users/diana/.m2/repository/net/minidev/accessors-smart/2.4.7/accessors-smart-2.4.7.jar:/Users/diana/.m2/repository/org/ow2/asm/asm/9.1/asm-9.1.jar:/Users/diana/.m2/repository/jakarta/xml/bind/jakarta.xml.bind-api/2.3.3/jakarta.xml.bind-api-2.3.3.jar:/Users/diana/.m2/repository/jakarta/activation/jakarta.activation-api/1.2.2/jakarta.activation-api-1.2.2.jar:/Users/diana/.m2/repository/org/assertj/assertj-core/3.21.0/assertj-core-3.21.0.jar:/Users/diana/.m2/repository/org/hamcrest/hamcrest/2.2/hamcrest-2.2.jar:/Users/diana/.m2/repository/org/junit/jupiter/junit-jupiter/5.8.2/junit-jupiter-5.8.2.jar:/Users/diana/.m2/repository/org/junit/jupiter/junit-jupiter-params/5.8.2/junit-jupiter-params-5.8.2.jar:/Users/diana/.m2/repository/org/mockito/mockito-junit-jupiter/4.0.0/mockito-junit-jupiter-4.0.0.jar:/Users/diana/.m2/repository/org/skyscreamer/jsonassert/1.5.0/jsonassert-1.5.0.jar:/Users/diana/.m2/repository/com/vaadin/external/google/android-json/0.0.20131108.vaadin1/android-json-0.0.20131108.vaadin1.jar:/Users/diana/.m2/repository/org/springframework/spring-core/5.3.15/spring-core-5.3.15.jar:/Users/diana/.m2/repository/org/springframework/spring-jcl/5.3.15/spring-jcl-5.3.15.jar:/Users/diana/.m2/repository/org/springframework/spring-test/5.3.15/spring-test-5.3.15.jar:/Users/diana/.m2/repository/org/xmlunit/xmlunit-core/2.8.4/xmlunit-core-2.8.4.jar:/Users/diana/.m2/repository/org/springframework/boot/spring-boot-starter-aop/2.6.3/spring-boot-starter-aop-2.6.3.jar:/Users/diana/.m2/repository/org/springframework/spring-aop/5.3.15/spring-aop-5.3.15.jar:/Users/diana/.m2/repository/org/aspectj/aspectjweaver/1.9.7/aspectjweaver-1.9.7.jar:/Users/diana/.m2/repository/io/github/resilience4j/resilience4j-spring-boot2/1.7.1/resilience4j-spring-boot2-1.7.1.jar:/Users/diana/.m2/repository/io/vavr/vavr/0.10.2/vavr-0.10.2.jar:/Users/diana/.m2/repository/io/vavr/vavr-match/0.10.2/vavr-match-0.10.2.jar:/Users/diana/.m2/repository/io/github/resilience4j/resilience4j-spring/1.7.1/resilience4j-spring-1.7.1.jar:/Users/diana/.m2/repository/io/github/resilience4j/resilience4j-annotations/1.7.1/resilience4j-annotations-1.7.1.jar:/Users/diana/.m2/repository/io/github/resilience4j/resilience4j-consumer/1.7.1/resilience4j-consumer-1.7.1.jar:/Users/diana/.m2/repository/io/github/resilience4j/resilience4j-core/1.7.1/resilience4j-core-1.7.1.jar:/Users/diana/.m2/repository/io/github/resilience4j/resilience4j-circularbuffer/1.7.1/resilience4j-circularbuffer-1.7.1.jar:/Users/diana/.m2/repository/io/github/resilience4j/resilience4j-framework-common/1.7.1/resilience4j-framework-common-1.7.1.jar:/Users/diana/.m2/repository/io/github/resilience4j/resilience4j-circuitbreaker/1.7.1/resilience4j-circuitbreaker-1.7.1.jar:/Users/diana/.m2/repository/io/github/resilience4j/resilience4j-ratelimiter/1.7.1/resilience4j-ratelimiter-1.7.1.jar:/Users/diana/.m2/repository/io/github/resilience4j/resilience4j-retry/1.7.1/resilience4j-retry-1.7.1.jar:/Users/diana/.m2/repository/io/github/resilience4j/resilience4j-bulkhead/1.7.1/resilience4j-bulkhead-1.7.1.jar:/Users/diana/.m2/repository/io/github/resilience4j/resilience4j-timelimiter/1.7.1/resilience4j-timelimiter-1.7.1.jar:/Users/diana/.m2/repository/org/slf4j/slf4j-api/1.7.33/slf4j-api-1.7.33.jar:/Users/diana/.m2/repository/io/github/resilience4j/resilience4j-micrometer/1.7.1/resilience4j-micrometer-1.7.1.jar:/Users/diana/.m2/repository/org/springframework/boot/spring-boot-starter-webflux/2.6.3/spring-boot-starter-webflux-2.6.3.jar:/Users/diana/.m2/repository/org/springframework/boot/spring-boot-starter-reactor-netty/2.6.3/spring-boot-starter-reactor-netty-2.6.3.jar:/Users/diana/.m2/repository/org/springframework/spring-webflux/5.3.15/spring-webflux-5.3.15.jar:/Users/diana/.m2/repository/io/projectreactor/netty/reactor-netty-http/1.0.15/reactor-netty-http-1.0.15.jar:/Users/diana/.m2/repository/io/netty/netty-codec-http/4.1.73.Final/netty-codec-http-4.1.73.Final.jar:/Users/diana/.m2/repository/io/netty/netty-codec-http2/4.1.73.Final/netty-codec-http2-4.1.73.Final.jar:/Users/diana/.m2/repository/io/netty/netty-resolver-dns/4.1.73.Final/netty-resolver-dns-4.1.73.Final.jar:/Users/diana/.m2/repository/io/netty/netty-resolver/4.1.73.Final/netty-resolver-4.1.73.Final.jar:/Users/diana/.m2/repository/io/netty/netty-codec-dns/4.1.73.Final/netty-codec-dns-4.1.73.Final.jar:/Users/diana/.m2/repository/io/netty/netty-resolver-dns-native-macos/4.1.73.Final/netty-resolver-dns-native-macos-4.1.73.Final-osx-x86_64.jar:/Users/diana/.m2/repository/io/netty/netty-resolver-dns-classes-macos/4.1.73.Final/netty-resolver-dns-classes-macos-4.1.73.Final.jar:/Users/diana/.m2/repository/io/netty/netty-transport-native-epoll/4.1.73.Final/netty-transport-native-epoll-4.1.73.Final-linux-x86_64.jar:/Users/diana/.m2/repository/io/netty/netty-transport-native-unix-common/4.1.73.Final/netty-transport-native-unix-common-4.1.73.Final.jar:/Users/diana/.m2/repository/io/netty/netty-transport-classes-epoll/4.1.73.Final/netty-transport-classes-epoll-4.1.73.Final.jar:/Users/diana/.m2/repository/io/projectreactor/netty/reactor-netty-core/1.0.15/reactor-netty-core-1.0.15.jar:/Users/diana/.m2/repository/io/netty/netty-handler-proxy/4.1.73.Final/netty-handler-proxy-4.1.73.Final.jar:/Users/diana/.m2/repository/io/projectreactor/reactor-core/3.4.14/reactor-core-3.4.14.jar:/Users/diana/.m2/repository/org/reactivestreams/reactive-streams/1.0.3/reactive-streams-1.0.3.jar:/Users/diana/.m2/repository/org/modelmapper/modelmapper/2.4.4/modelmapper-2.4.4.jar:/Users/diana/.m2/repository/org/junit/jupiter/junit-jupiter-api/5.8.1/junit-jupiter-api-5.8.1.jar:/Users/diana/.m2/repository/org/opentest4j/opentest4j/1.2.0/opentest4j-1.2.0.jar:/Users/diana/.m2/repository/org/junit/platform/junit-platform-commons/1.8.2/junit-platform-commons-1.8.2.jar:/Users/diana/.m2/repository/org/apiguardian/apiguardian-api/1.1.2/apiguardian-api-1.1.2.jar:/Users/diana/.m2/repository/org/junit/jupiter/junit-jupiter-engine/5.8.1/junit-jupiter-engine-5.8.1.jar:/Users/diana/.m2/repository/org/junit/platform/junit-platform-engine/1.8.2/junit-platform-engine-1.8.2.jar:/Users/diana/.m2/repository/org/mockito/mockito-core/4.1.0/mockito-core-4.1.0.jar:/Users/diana/.m2/repository/net/bytebuddy/byte-buddy/1.11.22/byte-buddy-1.11.22.jar:/Users/diana/.m2/repository/net/bytebuddy/byte-buddy-agent/1.11.22/byte-buddy-agent-1.11.22.jar:/Users/diana/.m2/repository/org/objenesis/objenesis/3.2/objenesis-3.2.jar:/Users/diana/.m2/repository/org/mock-server/mockserver-netty/5.11.2/mockserver-netty-5.11.2.jar:/Users/diana/.m2/repository/org/mock-server/mockserver-core/5.11.2/mockserver-core-5.11.2.jar:/Users/diana/.m2/repository/com/lmax/disruptor/3.4.2/disruptor-3.4.2.jar:/Users/diana/.m2/repository/javax/servlet/javax.servlet-api/4.0.1/javax.servlet-api-4.0.1.jar:/Users/diana/.m2/repository/io/netty/netty-codec-socks/4.1.73.Final/netty-codec-socks-4.1.73.Final.jar:/Users/diana/.m2/repository/com/jcraft/jzlib/1.1.3/jzlib-1.1.3.jar:/Users/diana/.m2/repository/com/fasterxml/uuid/java-uuid-generator/4.0.1/java-uuid-generator-4.0.1.jar:/Users/diana/.m2/repository/org/apache/velocity/velocity-engine-scripting/2.2/velocity-engine-scripting-2.2.jar:/Users/diana/.m2/repository/org/apache/velocity/velocity-engine-core/2.2/velocity-engine-core-2.2.jar:/Users/diana/.m2/repository/com/fasterxml/jackson/core/jackson-core/2.13.1/jackson-core-2.13.1.jar:/Users/diana/.m2/repository/com/fasterxml/jackson/core/jackson-annotations/2.13.1/jackson-annotations-2.13.1.jar:/Users/diana/.m2/repository/net/javacrumbs/json-unit/json-unit-core/2.19.0/json-unit-core-2.19.0.jar:/Users/diana/.m2/repository/org/hamcrest/hamcrest-core/2.2/hamcrest-core-2.2.jar:/Users/diana/.m2/repository/com/github/java-json-tools/json-schema-validator/2.2.14/json-schema-validator-2.2.14.jar:/Users/diana/.m2/repository/com/github/java-json-tools/jackson-coreutils-equivalence/1.0/jackson-coreutils-equivalence-1.0.jar:/Users/diana/.m2/repository/com/github/java-json-tools/jackson-coreutils/2.0/jackson-coreutils-2.0.jar:/Users/diana/.m2/repository/com/github/java-json-tools/msg-simple/1.2/msg-simple-1.2.jar:/Users/diana/.m2/repository/com/github/java-json-tools/btf/1.3/btf-1.3.jar:/Users/diana/.m2/repository/com/github/java-json-tools/json-schema-core/1.2.14/json-schema-core-1.2.14.jar:/Users/diana/.m2/repository/com/github/java-json-tools/uri-template/0.10/uri-template-0.10.jar:/Users/diana/.m2/repository/org/mozilla/rhino/1.7.7.2/rhino-1.7.7.2.jar:/Users/diana/.m2/repository/com/sun/mail/mailapi/1.6.2/mailapi-1.6.2.jar:/Users/diana/.m2/repository/joda-time/joda-time/2.10.5/joda-time-2.10.5.jar:/Users/diana/.m2/repository/com/googlecode/libphonenumber/libphonenumber/8.11.1/libphonenumber-8.11.1.jar:/Users/diana/.m2/repository/net/sf/jopt-simple/jopt-simple/5.0.4/jopt-simple-5.0.4.jar:/Users/diana/.m2/repository/io/swagger/parser/v3/swagger-parser/2.0.23/swagger-parser-2.0.23.jar:/Users/diana/.m2/repository/io/swagger/parser/v3/swagger-parser-v2-converter/2.0.23/swagger-parser-v2-converter-2.0.23.jar:/Users/diana/.m2/repository/io/swagger/swagger-core/1.6.2/swagger-core-1.6.2.jar:/Users/diana/.m2/repository/io/swagger/swagger-models/1.6.2/swagger-models-1.6.2.jar:/Users/diana/.m2/repository/io/swagger/swagger-annotations/1.6.2/swagger-annotations-1.6.2.jar:/Users/diana/.m2/repository/javax/validation/validation-api/2.0.1.Final/validation-api-2.0.1.Final.jar:/Users/diana/.m2/repository/io/swagger/swagger-parser/1.0.52/swagger-parser-1.0.52.jar:/Users/diana/.m2/repository/org/slf4j/slf4j-ext/1.7.33/slf4j-ext-1.7.33.jar:/Users/diana/.m2/repository/io/swagger/swagger-compat-spec-parser/1.0.52/swagger-compat-spec-parser-1.0.52.jar:/Users/diana/.m2/repository/org/apache/httpcomponents/httpclient/4.5.13/httpclient-4.5.13.jar:/Users/diana/.m2/repository/org/apache/httpcomponents/httpcore/4.4.15/httpcore-4.4.15.jar:/Users/diana/.m2/repository/io/swagger/core/v3/swagger-models/2.1.5/swagger-models-2.1.5.jar:/Users/diana/.m2/repository/io/swagger/parser/v3/swagger-parser-core/2.0.23/swagger-parser-core-2.0.23.jar:/Users/diana/.m2/repository/io/swagger/parser/v3/swagger-parser-v3/2.0.23/swagger-parser-v3-2.0.23.jar:/Users/diana/.m2/repository/io/swagger/core/v3/swagger-core/2.1.5/swagger-core-2.1.5.jar:/Users/diana/.m2/repository/io/swagger/core/v3/swagger-annotations/2.1.5/swagger-annotations-2.1.5.jar:/Users/diana/.m2/repository/jakarta/validation/jakarta.validation-api/2.0.2/jakarta.validation-api-2.0.2.jar:/Users/diana/.m2/repository/com/fasterxml/jackson/dataformat/jackson-dataformat-yaml/2.13.1/jackson-dataformat-yaml-2.13.1.jar:/Users/diana/.m2/repository/javax/xml/bind/jaxb-api/2.3.1/jaxb-api-2.3.1.jar:/Users/diana/.m2/repository/javax/activation/javax.activation-api/1.2.0/javax.activation-api-1.2.0.jar:/Users/diana/.m2/repository/org/xmlunit/xmlunit-placeholders/2.8.4/xmlunit-placeholders-2.8.4.jar:/Users/diana/.m2/repository/org/apache/commons/commons-text/1.9/commons-text-1.9.jar:/Users/diana/.m2/repository/commons-codec/commons-codec/1.15/commons-codec-1.15.jar:/Users/diana/.m2/repository/io/netty/netty-buffer/4.1.73.Final/netty-buffer-4.1.73.Final.jar:/Users/diana/.m2/repository/io/netty/netty-codec/4.1.73.Final/netty-codec-4.1.73.Final.jar:/Users/diana/.m2/repository/io/netty/netty-common/4.1.73.Final/netty-common-4.1.73.Final.jar:/Users/diana/.m2/repository/io/netty/netty-handler/4.1.73.Final/netty-handler-4.1.73.Final.jar:/Users/diana/.m2/repository/io/netty/netty-tcnative-classes/2.0.46.Final/netty-tcnative-classes-2.0.46.Final.jar:/Users/diana/.m2/repository/io/netty/netty-transport/4.1.73.Final/netty-transport-4.1.73.Final.jar:/Users/diana/.m2/repository/commons-io/commons-io/2.8.0/commons-io-2.8.0.jar:/Users/diana/.m2/repository/com/google/guava/guava/30.0-android/guava-30.0-android.jar:/Users/diana/.m2/repository/com/google/guava/failureaccess/1.0.1/failureaccess-1.0.1.jar:/Users/diana/.m2/repository/com/google/guava/listenablefuture/9999.0-empty-to-avoid-conflict-with-guava/listenablefuture-9999.0-empty-to-avoid-conflict-with-guava.jar:/Users/diana/.m2/repository/com/google/code/findbugs/jsr305/3.0.2/jsr305-3.0.2.jar:/Users/diana/.m2/repository/org/checkerframework/checker-compat-qual/2.5.5/checker-compat-qual-2.5.5.jar:/Users/diana/.m2/repository/com/google/errorprone/error_prone_annotations/2.3.4/error_prone_annotations-2.3.4.jar:/Users/diana/.m2/repository/com/google/j2objc/j2objc-annotations/1.3/j2objc-annotations-1.3.jar:/Users/diana/.m2/repository/org/mock-server/mockserver-client-java/5.11.2/mockserver-client-java-5.11.2.jar:/Users/diana/.m2/repository/org/apache/commons/commons-lang3/3.12.0/commons-lang3-3.12.0.jar:"/>
    <property name="java.vm.vendor" value="JetBrains s.r.o."/>
    <property name="sun.arch.data.model" value="64"/>
    <property name="java.vendor.url" value="https://openjdk.java.net/"/>
    <property name="user.timezone" value=""/>
    <property name="java.vm.specification.version" value="11"/>
    <property name="os.name" value="Mac OS X"/>
    <property name="sun.java.launcher" value="SUN_STANDARD"/>
    <property name="user.country" value="SV"/>
    <property name="sun.boot.library.path" value="/Applications/IntelliJ IDEA.app/Contents/jbr/Contents/Home/lib"/>
    <property name="sun.java.command" value="/Users/diana/Documents/Projects/wallet-app/target/surefire/surefirebooter14571332574819950797.jar /Users/diana/Documents/Projects/wallet-app/target/surefire 2023-04-26T12-58-52_100-jvmRun1 surefire8857923426144901788tmp surefire_09000595468470372453tmp"/>
    <property name="http.nonProxyHosts" value="local|*.local|169.254/16|*.169.254/16"/>
    <property name="jdk.debug" value="release"/>
    <property name="surefire.test.class.path" value="/Users/diana/Documents/Projects/wallet-app/target/test-classes:/Users/diana/Documents/Projects/wallet-app/target/classes:/Users/diana/.m2/repository/org/springframework/boot/spring-boot-starter-actuator/2.6.3/spring-boot-starter-actuator-2.6.3.jar:/Users/diana/.m2/repository/org/springframework/boot/spring-boot-starter/2.6.3/spring-boot-starter-2.6.3.jar:/Users/diana/.m2/repository/org/springframework/boot/spring-boot-starter-logging/2.6.3/spring-boot-starter-logging-2.6.3.jar:/Users/diana/.m2/repository/ch/qos/logback/logback-classic/1.2.10/logback-classic-1.2.10.jar:/Users/diana/.m2/repository/ch/qos/logback/logback-core/1.2.10/logback-core-1.2.10.jar:/Users/diana/.m2/repository/org/apache/logging/log4j/log4j-to-slf4j/2.17.1/log4j-to-slf4j-2.17.1.jar:/Users/diana/.m2/repository/org/apache/logging/log4j/log4j-api/2.17.1/log4j-api-2.17.1.jar:/Users/diana/.m2/repository/org/slf4j/jul-to-slf4j/1.7.33/jul-to-slf4j-1.7.33.jar:/Users/diana/.m2/repository/jakarta/annotation/jakarta.annotation-api/1.3.5/jakarta.annotation-api-1.3.5.jar:/Users/diana/.m2/repository/org/yaml/snakeyaml/1.29/snakeyaml-1.29.jar:/Users/diana/.m2/repository/org/springframework/boot/spring-boot-actuator-autoconfigure/2.6.3/spring-boot-actuator-autoconfigure-2.6.3.jar:/Users/diana/.m2/repository/org/springframework/boot/spring-boot-actuator/2.6.3/spring-boot-actuator-2.6.3.jar:/Users/diana/.m2/repository/com/fasterxml/jackson/core/jackson-databind/2.13.1/jackson-databind-2.13.1.jar:/Users/diana/.m2/repository/com/fasterxml/jackson/datatype/jackson-datatype-jsr310/2.13.1/jackson-datatype-jsr310-2.13.1.jar:/Users/diana/.m2/repository/io/micrometer/micrometer-core/1.8.2/micrometer-core-1.8.2.jar:/Users/diana/.m2/repository/org/hdrhistogram/HdrHistogram/2.1.12/HdrHistogram-2.1.12.jar:/Users/diana/.m2/repository/org/latencyutils/LatencyUtils/2.0.3/LatencyUtils-2.0.3.jar:/Users/diana/.m2/repository/org/springframework/boot/spring-boot-starter-data-jpa/2.6.3/spring-boot-starter-data-jpa-2.6.3.jar:/Users/diana/.m2/repository/org/springframework/boot/spring-boot-starter-jdbc/2.6.3/spring-boot-starter-jdbc-2.6.3.jar:/Users/diana/.m2/repository/com/zaxxer/HikariCP/4.0.3/HikariCP-4.0.3.jar:/Users/diana/.m2/repository/org/springframework/spring-jdbc/5.3.15/spring-jdbc-5.3.15.jar:/Users/diana/.m2/repository/jakarta/transaction/jakarta.transaction-api/1.3.3/jakarta.transaction-api-1.3.3.jar:/Users/diana/.m2/repository/jakarta/persistence/jakarta.persistence-api/2.2.3/jakarta.persistence-api-2.2.3.jar:/Users/diana/.m2/repository/org/hibernate/hibernate-core/5.6.4.Final/hibernate-core-5.6.4.Final.jar:/Users/diana/.m2/repository/org/jboss/logging/jboss-logging/3.4.3.Final/jboss-logging-3.4.3.Final.jar:/Users/diana/.m2/repository/antlr/antlr/2.7.7/antlr-2.7.7.jar:/Users/diana/.m2/repository/org/jboss/jandex/2.4.2.Final/jandex-2.4.2.Final.jar:/Users/diana/.m2/repository/com/fasterxml/classmate/1.5.1/classmate-1.5.1.jar:/Users/diana/.m2/repository/org/hibernate/common/hibernate-commons-annotations/5.1.2.Final/hibernate-commons-annotations-5.1.2.Final.jar:/Users/diana/.m2/repository/org/glassfish/jaxb/jaxb-runtime/2.3.5/jaxb-runtime-2.3.5.jar:/Users/diana/.m2/repository/org/glassfish/jaxb/txw2/2.3.5/txw2-2.3.5.jar:/Users/diana/.m2/repository/com/sun/istack/istack-commons-runtime/3.0.12/istack-commons-runtime-3.0.12.jar:/Users/diana/.m2/repository/com/sun/activation/jakarta.activation/1.2.2/jakarta.activation-1.2.2.jar:/Users/diana/.m2/repository/org/springframework/data/spring-data-jpa/2.6.1/spring-data-jpa-2.6.1.jar:/Users/diana/.m2/repository/org/springframework/data/spring-data-commons/2.6.1/spring-data-commons-2.6.1.jar:/Users/diana/.m2/repository/org/springframework/spring-orm/5.3.15/spring-orm-5.3.15.jar:/Users/diana/.m2/repository/org/springframework/spring-context/5.3.15/spring-context-5.3.15.jar:/Users/diana/.m2/repository/org/springframework/spring-tx/5.3.15/spring-tx-5.3.15.jar:/Users/diana/.m2/repository/org/springframework/spring-beans/5.3.15/spring-beans-5.3.15.jar:/Users/diana/.m2/repository/org/springframework/spring-aspects/5.3.15/spring-aspects-5.3.15.jar:/Users/diana/.m2/repository/org/springframework/boot/spring-boot-starter-web/2.6.3/spring-boot-starter-web-2.6.3.jar:/Users/diana/.m2/repository/org/springframework/boot/spring-boot-starter-json/2.6.3/spring-boot-starter-json-2.6.3.jar:/Users/diana/.m2/repository/com/fasterxml/jackson/datatype/jackson-datatype-jdk8/2.13.1/jackson-datatype-jdk8-2.13.1.jar:/Users/diana/.m2/repository/com/fasterxml/jackson/module/jackson-module-parameter-names/2.13.1/jackson-module-parameter-names-2.13.1.jar:/Users/diana/.m2/repository/org/springframework/boot/spring-boot-starter-tomcat/2.6.3/spring-boot-starter-tomcat-2.6.3.jar:/Users/diana/.m2/repository/org/apache/tomcat/embed/tomcat-embed-core/9.0.56/tomcat-embed-core-9.0.56.jar:/Users/diana/.m2/repository/org/apache/tomcat/embed/tomcat-embed-el/9.0.56/tomcat-embed-el-9.0.56.jar:/Users/diana/.m2/repository/org/apache/tomcat/embed/tomcat-embed-websocket/9.0.56/tomcat-embed-websocket-9.0.56.jar:/Users/diana/.m2/repository/org/springframework/spring-web/5.3.15/spring-web-5.3.15.jar:/Users/diana/.m2/repository/org/springframework/spring-webmvc/5.3.15/spring-webmvc-5.3.15.jar:/Users/diana/.m2/repository/org/springframework/spring-expression/5.3.15/spring-expression-5.3.15.jar:/Users/diana/.m2/repository/org/springframework/boot/spring-boot-devtools/2.6.3/spring-boot-devtools-2.6.3.jar:/Users/diana/.m2/repository/org/springframework/boot/spring-boot/2.6.3/spring-boot-2.6.3.jar:/Users/diana/.m2/repository/org/springframework/boot/spring-boot-autoconfigure/2.6.3/spring-boot-autoconfigure-2.6.3.jar:/Users/diana/.m2/repository/com/h2database/h2/1.4.200/h2-1.4.200.jar:/Users/diana/.m2/repository/org/postgresql/postgresql/42.6.0/postgresql-42.6.0.jar:/Users/diana/.m2/repository/org/checkerframework/checker-qual/3.31.0/checker-qual-3.31.0.jar:/Users/diana/.m2/repository/org/projectlombok/lombok/1.18.22/lombok-1.18.22.jar:/Users/diana/.m2/repository/org/springframework/boot/spring-boot-starter-test/2.6.3/spring-boot-starter-test-2.6.3.jar:/Users/diana/.m2/repository/org/springframework/boot/spring-boot-test/2.6.3/spring-boot-test-2.6.3.jar:/Users/diana/.m2/repository/org/springframework/boot/spring-boot-test-autoconfigure/2.6.3/spring-boot-test-autoconfigure-2.6.3.jar:/Users/diana/.m2/repository/com/jayway/jsonpath/json-path/2.6.0/json-path-2.6.0.jar:/Users/diana/.m2/repository/net/minidev/json-smart/2.4.7/json-smart-2.4.7.jar:/Users/diana/.m2/repository/net/minidev/accessors-smart/2.4.7/accessors-smart-2.4.7.jar:/Users/diana/.m2/repository/org/ow2/asm/asm/9.1/asm-9.1.jar:/Users/diana/.m2/repository/jakarta/xml/bind/jakarta.xml.bind-api/2.3.3/jakarta.xml.bind-api-2.3.3.jar:/Users/diana/.m2/repository/jakarta/activation/jakarta.activation-api/1.2.2/jakarta.activation-api-1.2.2.jar:/Users/diana/.m2/repository/org/assertj/assertj-core/3.21.0/assertj-core-3.21.0.jar:/Users/diana/.m2/repository/org/hamcrest/hamcrest/2.2/hamcrest-2.2.jar:/Users/diana/.m2/repository/org/junit/jupiter/junit-jupiter/5.8.2/junit-jupiter-5.8.2.jar:/Users/diana/.m2/repository/org/junit/jupiter/junit-jupiter-params/5.8.2/junit-jupiter-params-5.8.2.jar:/Users/diana/.m2/repository/org/mockito/mockito-junit-jupiter/4.0.0/mockito-junit-jupiter-4.0.0.jar:/Users/diana/.m2/repository/org/skyscreamer/jsonassert/1.5.0/jsonassert-1.5.0.jar:/Users/diana/.m2/repository/com/vaadin/external/google/android-json/0.0.20131108.vaadin1/android-json-0.0.20131108.vaadin1.jar:/Users/diana/.m2/repository/org/springframework/spring-core/5.3.15/spring-core-5.3.15.jar:/Users/diana/.m2/repository/org/springframework/spring-jcl/5.3.15/spring-jcl-5.3.15.jar:/Users/diana/.m2/repository/org/springframework/spring-test/5.3.15/spring-test-5.3.15.jar:/Users/diana/.m2/repository/org/xmlunit/xmlunit-core/2.8.4/xmlunit-core-2.8.4.jar:/Users/diana/.m2/repository/org/springframework/boot/spring-boot-starter-aop/2.6.3/spring-boot-starter-aop-2.6.3.jar:/Users/diana/.m2/repository/org/springframework/spring-aop/5.3.15/spring-aop-5.3.15.jar:/Users/diana/.m2/repository/org/aspectj/aspectjweaver/1.9.7/aspectjweaver-1.9.7.jar:/Users/diana/.m2/repository/io/github/resilience4j/resilience4j-spring-boot2/1.7.1/resilience4j-spring-boot2-1.7.1.jar:/Users/diana/.m2/repository/io/vavr/vavr/0.10.2/vavr-0.10.2.jar:/Users/diana/.m2/repository/io/vavr/vavr-match/0.10.2/vavr-match-0.10.2.jar:/Users/diana/.m2/repository/io/github/resilience4j/resilience4j-spring/1.7.1/resilience4j-spring-1.7.1.jar:/Users/diana/.m2/repository/io/github/resilience4j/resilience4j-annotations/1.7.1/resilience4j-annotations-1.7.1.jar:/Users/diana/.m2/repository/io/github/resilience4j/resilience4j-consumer/1.7.1/resilience4j-consumer-1.7.1.jar:/Users/diana/.m2/repository/io/github/resilience4j/resilience4j-core/1.7.1/resilience4j-core-1.7.1.jar:/Users/diana/.m2/repository/io/github/resilience4j/resilience4j-circularbuffer/1.7.1/resilience4j-circularbuffer-1.7.1.jar:/Users/diana/.m2/repository/io/github/resilience4j/resilience4j-framework-common/1.7.1/resilience4j-framework-common-1.7.1.jar:/Users/diana/.m2/repository/io/github/resilience4j/resilience4j-circuitbreaker/1.7.1/resilience4j-circuitbreaker-1.7.1.jar:/Users/diana/.m2/repository/io/github/resilience4j/resilience4j-ratelimiter/1.7.1/resilience4j-ratelimiter-1.7.1.jar:/Users/diana/.m2/repository/io/github/resilience4j/resilience4j-retry/1.7.1/resilience4j-retry-1.7.1.jar:/Users/diana/.m2/repository/io/github/resilience4j/resilience4j-bulkhead/1.7.1/resilience4j-bulkhead-1.7.1.jar:/Users/diana/.m2/repository/io/github/resilience4j/resilience4j-timelimiter/1.7.1/resilience4j-timelimiter-1.7.1.jar:/Users/diana/.m2/repository/org/slf4j/slf4j-api/1.7.33/slf4j-api-1.7.33.jar:/Users/diana/.m2/repository/io/github/resilience4j/resilience4j-micrometer/1.7.1/resilience4j-micrometer-1.7.1.jar:/Users/diana/.m2/repository/org/springframework/boot/spring-boot-starter-webflux/2.6.3/spring-boot-starter-webflux-2.6.3.jar:/Users/diana/.m2/repository/org/springframework/boot/spring-boot-starter-reactor-netty/2.6.3/spring-boot-starter-reactor-netty-2.6.3.jar:/Users/diana/.m2/repository/org/springframework/spring-webflux/5.3.15/spring-webflux-5.3.15.jar:/Users/diana/.m2/repository/io/projectreactor/netty/reactor-netty-http/1.0.15/reactor-netty-http-1.0.15.jar:/Users/diana/.m2/repository/io/netty/netty-codec-http/4.1.73.Final/netty-codec-http-4.1.73.Final.jar:/Users/diana/.m2/repository/io/netty/netty-codec-http2/4.1.73.Final/netty-codec-http2-4.1.73.Final.jar:/Users/diana/.m2/repository/io/netty/netty-resolver-dns/4.1.73.Final/netty-resolver-dns-4.1.73.Final.jar:/Users/diana/.m2/repository/io/netty/netty-resolver/4.1.73.Final/netty-resolver-4.1.73.Final.jar:/Users/diana/.m2/repository/io/netty/netty-codec-dns/4.1.73.Final/netty-codec-dns-4.1.73.Final.jar:/Users/diana/.m2/repository/io/netty/netty-resolver-dns-native-macos/4.1.73.Final/netty-resolver-dns-native-macos-4.1.73.Final-osx-x86_64.jar:/Users/diana/.m2/repository/io/netty/netty-resolver-dns-classes-macos/4.1.73.Final/netty-resolver-dns-classes-macos-4.1.73.Final.jar:/Users/diana/.m2/repository/io/netty/netty-transport-native-epoll/4.1.73.Final/netty-transport-native-epoll-4.1.73.Final-linux-x86_64.jar:/Users/diana/.m2/repository/io/netty/netty-transport-native-unix-common/4.1.73.Final/netty-transport-native-unix-common-4.1.73.Final.jar:/Users/diana/.m2/repository/io/netty/netty-transport-classes-epoll/4.1.73.Final/netty-transport-classes-epoll-4.1.73.Final.jar:/Users/diana/.m2/repository/io/projectreactor/netty/reactor-netty-core/1.0.15/reactor-netty-core-1.0.15.jar:/Users/diana/.m2/repository/io/netty/netty-handler-proxy/4.1.73.Final/netty-handler-proxy-4.1.73.Final.jar:/Users/diana/.m2/repository/io/projectreactor/reactor-core/3.4.14/reactor-core-3.4.14.jar:/Users/diana/.m2/repository/org/reactivestreams/reactive-streams/1.0.3/reactive-streams-1.0.3.jar:/Users/diana/.m2/repository/org/modelmapper/modelmapper/2.4.4/modelmapper-2.4.4.jar:/Users/diana/.m2/repository/org/junit/jupiter/junit-jupiter-api/5.8.1/junit-jupiter-api-5.8.1.jar:/Users/diana/.m2/repository/org/opentest4j/opentest4j/1.2.0/opentest4j-1.2.0.jar:/Users/diana/.m2/repository/org/junit/platform/junit-platform-commons/1.8.2/junit-platform-commons-1.8.2.jar:/Users/diana/.m2/repository/org/apiguardian/apiguardian-api/1.1.2/apiguardian-api-1.1.2.jar:/Users/diana/.m2/repository/org/junit/jupiter/junit-jupiter-engine/5.8.1/junit-jupiter-engine-5.8.1.jar:/Users/diana/.m2/repository/org/junit/platform/junit-platform-engine/1.8.2/junit-platform-engine-1.8.2.jar:/Users/diana/.m2/repository/org/mockito/mockito-core/4.1.0/mockito-core-4.1.0.jar:/Users/diana/.m2/repository/net/bytebuddy/byte-buddy/1.11.22/byte-buddy-1.11.22.jar:/Users/diana/.m2/repository/net/bytebuddy/byte-buddy-agent/1.11.22/byte-buddy-agent-1.11.22.jar:/Users/diana/.m2/repository/org/objenesis/objenesis/3.2/objenesis-3.2.jar:/Users/diana/.m2/repository/org/mock-server/mockserver-netty/5.11.2/mockserver-netty-5.11.2.jar:/Users/diana/.m2/repository/org/mock-server/mockserver-core/5.11.2/mockserver-core-5.11.2.jar:/Users/diana/.m2/repository/com/lmax/disruptor/3.4.2/disruptor-3.4.2.jar:/Users/diana/.m2/repository/javax/servlet/javax.servlet-api/4.0.1/javax.servlet-api-4.0.1.jar:/Users/diana/.m2/repository/io/netty/netty-codec-socks/4.1.73.Final/netty-codec-socks-4.1.73.Final.jar:/Users/diana/.m2/repository/com/jcraft/jzlib/1.1.3/jzlib-1.1.3.jar:/Users/diana/.m2/repository/com/fasterxml/uuid/java-uuid-generator/4.0.1/java-uuid-generator-4.0.1.jar:/Users/diana/.m2/repository/org/apache/velocity/velocity-engine-scripting/2.2/velocity-engine-scripting-2.2.jar:/Users/diana/.m2/repository/org/apache/velocity/velocity-engine-core/2.2/velocity-engine-core-2.2.jar:/Users/diana/.m2/repository/com/fasterxml/jackson/core/jackson-core/2.13.1/jackson-core-2.13.1.jar:/Users/diana/.m2/repository/com/fasterxml/jackson/core/jackson-annotations/2.13.1/jackson-annotations-2.13.1.jar:/Users/diana/.m2/repository/net/javacrumbs/json-unit/json-unit-core/2.19.0/json-unit-core-2.19.0.jar:/Users/diana/.m2/repository/org/hamcrest/hamcrest-core/2.2/hamcrest-core-2.2.jar:/Users/diana/.m2/repository/com/github/java-json-tools/json-schema-validator/2.2.14/json-schema-validator-2.2.14.jar:/Users/diana/.m2/repository/com/github/java-json-tools/jackson-coreutils-equivalence/1.0/jackson-coreutils-equivalence-1.0.jar:/Users/diana/.m2/repository/com/github/java-json-tools/jackson-coreutils/2.0/jackson-coreutils-2.0.jar:/Users/diana/.m2/repository/com/github/java-json-tools/msg-simple/1.2/msg-simple-1.2.jar:/Users/diana/.m2/repository/com/github/java-json-tools/btf/1.3/btf-1.3.jar:/Users/diana/.m2/repository/com/github/java-json-tools/json-schema-core/1.2.14/json-schema-core-1.2.14.jar:/Users/diana/.m2/repository/com/github/java-json-tools/uri-template/0.10/uri-template-0.10.jar:/Users/diana/.m2/repository/org/mozilla/rhino/1.7.7.2/rhino-1.7.7.2.jar:/Users/diana/.m2/repository/com/sun/mail/mailapi/1.6.2/mailapi-1.6.2.jar:/Users/diana/.m2/repository/joda-time/joda-time/2.10.5/joda-time-2.10.5.jar:/Users/diana/.m2/repository/com/googlecode/libphonenumber/libphonenumber/8.11.1/libphonenumber-8.11.1.jar:/Users/diana/.m2/repository/net/sf/jopt-simple/jopt-simple/5.0.4/jopt-simple-5.0.4.jar:/Users/diana/.m2/repository/io/swagger/parser/v3/swagger-parser/2.0.23/swagger-parser-2.0.23.jar:/Users/diana/.m2/repository/io/swagger/parser/v3/swagger-parser-v2-converter/2.0.23/swagger-parser-v2-converter-2.0.23.jar:/Users/diana/.m2/repository/io/swagger/swagger-core/1.6.2/swagger-core-1.6.2.jar:/Users/diana/.m2/repository/io/swagger/swagger-models/1.6.2/swagger-models-1.6.2.jar:/Users/diana/.m2/repository/io/swagger/swagger-annotations/1.6.2/swagger-annotations-1.6.2.jar:/Users/diana/.m2/repository/javax/validation/validation-api/2.0.1.Final/validation-api-2.0.1.Final.jar:/Users/diana/.m2/repository/io/swagger/swagger-parser/1.0.52/swagger-parser-1.0.52.jar:/Users/diana/.m2/repository/org/slf4j/slf4j-ext/1.7.33/slf4j-ext-1.7.33.jar:/Users/diana/.m2/repository/io/swagger/swagger-compat-spec-parser/1.0.52/swagger-compat-spec-parser-1.0.52.jar:/Users/diana/.m2/repository/org/apache/httpcomponents/httpclient/4.5.13/httpclient-4.5.13.jar:/Users/diana/.m2/repository/org/apache/httpcomponents/httpcore/4.4.15/httpcore-4.4.15.jar:/Users/diana/.m2/repository/io/swagger/core/v3/swagger-models/2.1.5/swagger-models-2.1.5.jar:/Users/diana/.m2/repository/io/swagger/parser/v3/swagger-parser-core/2.0.23/swagger-parser-core-2.0.23.jar:/Users/diana/.m2/repository/io/swagger/parser/v3/swagger-parser-v3/2.0.23/swagger-parser-v3-2.0.23.jar:/Users/diana/.m2/repository/io/swagger/core/v3/swagger-core/2.1.5/swagger-core-2.1.5.jar:/Users/diana/.m2/repository/io/swagger/core/v3/swagger-annotations/2.1.5/swagger-annotations-2.1.5.jar:/Users/diana/.m2/repository/jakarta/validation/jakarta.validation-api/2.0.2/jakarta.validation-api-2.0.2.jar:/Users/diana/.m2/repository/com/fasterxml/jackson/dataformat/jackson-dataformat-yaml/2.13.1/jackson-dataformat-yaml-2.13.1.jar:/Users/diana/.m2/repository/javax/xml/bind/jaxb-api/2.3.1/jaxb-api-2.3.1.jar:/Users/diana/.m2/repository/javax/activation/javax.activation-api/1.2.0/javax.activation-api-1.2.0.jar:/Users/diana/.m2/repository/org/xmlunit/xmlunit-placeholders/2.8.4/xmlunit-placeholders-2.8.4.jar:/Users/diana/.m2/repository/org/apache/commons/commons-text/1.9/commons-text-1.9.jar:/Users/diana/.m2/repository/commons-codec/commons-codec/1.15/commons-codec-1.15.jar:/Users/diana/.m2/repository/io/netty/netty-buffer/4.1.73.Final/netty-buffer-4.1.73.Final.jar:/Users/diana/.m2/repository/io/netty/netty-codec/4.1.73.Final/netty-codec-4.1.73.Final.jar:/Users/diana/.m2/repository/io/netty/netty-common/4.1.73.Final/netty-common-4.1.73.Final.jar:/Users/diana/.m2/repository/io/netty/netty-handler/4.1.73.Final/netty-handler-4.1.73.Final.jar:/Users/diana/.m2/repository/io/netty/netty-tcnative-classes/2.0.46.Final/netty-tcnative-classes-2.0.46.Final.jar:/Users/diana/.m2/repository/io/netty/netty-transport/4.1.73.Final/netty-transport-4.1.73.Final.jar:/Users/diana/.m2/repository/commons-io/commons-io/2.8.0/commons-io-2.8.0.jar:/Users/diana/.m2/repository/com/google/guava/guava/30.0-android/guava-30.0-android.jar:/Users/diana/.m2/repository/com/google/guava/failureaccess/1.0.1/failureaccess-1.0.1.jar:/Users/diana/.m2/repository/com/google/guava/listenablefuture/9999.0-empty-to-avoid-conflict-with-guava/listenablefuture-9999.0-empty-to-avoid-conflict-with-guava.jar:/Users/diana/.m2/repository/com/google/code/findbugs/jsr305/3.0.2/jsr305-3.0.2.jar:/Users/diana/.m2/repository/org/checkerframework/checker-compat-qual/2.5.5/checker-compat-qual-2.5.5.jar:/Users/diana/.m2/repository/com/google/errorprone/error_prone_annotations/2.3.4/error_prone_annotations-2.3.4.jar:/Users/diana/.m2/repository/com/google/j2objc/j2objc-annotations/1.3/j2objc-annotations-1.3.jar:/Users/diana/.m2/repository/org/mock-server/mockserver-client-java/5.11.2/mockserver-client-java-5.11.2.jar:/Users/diana/.m2/repository/org/apache/commons/commons-lang3/3.12.0/commons-lang3-3.12.0.jar:"/>
    <property name="sun.cpu.endian" value="little"/>
    <property name="user.home" value="/Users/diana"/>
    <property name="user.language" value="en"/>
    <property name="java.specification.vendor" value="Oracle Corporation"/>
    <property name="java.version.date" value="2022-02-08"/>
    <property name="java.home" value="/Applications/IntelliJ IDEA.app/Contents/jbr/Contents/Home"/>
    <property name="file.separator" value="/"/>
    <property name="basedir" value="/Users/diana/Documents/Projects/wallet-app"/>
    <property name="java.vm.compressedOopsMode" value="Zero based"/>
    <property name="line.separator" value="&#10;"/>
    <property name="java.specification.name" value="Java Platform API Specification"/>
    <property name="java.vm.specification.vendor" value="Oracle Corporation"/>
    <property name="java.awt.graphicsenv" value="sun.awt.CGraphicsEnvironment"/>
    <property name="surefire.real.class.path" value="/Users/diana/Documents/Projects/wallet-app/target/surefire/surefirebooter14571332574819950797.jar"/>
    <property name="sun.management.compiler" value="HotSpot 64-Bit Tiered Compilers"/>
    <property name="ftp.nonProxyHosts" value="local|*.local|169.254/16|*.169.254/16"/>
    <property name="java.runtime.version" value="11.0.14.1+1-b1751.46"/>
    <property name="user.name" value="diana"/>
    <property name="path.separator" value=":"/>
    <property name="os.version" value="12.0.1"/>
    <property name="java.runtime.name" value="OpenJDK Runtime Environment"/>
    <property name="file.encoding" value="UTF-8"/>
    <property name="java.vm.name" value="OpenJDK 64-Bit Server VM"/>
    <property name="java.vendor.version" value="JBR-11.0.14.1.1-1751.46-jcef"/>
    <property name="localRepository" value="/Users/diana/.m2/repository"/>
    <property name="java.vendor.url.bug" value="https://bugreport.java.com/bugreport/"/>
    <property name="java.io.tmpdir" value="/var/folders/v0/xg6djjsj5ynbzyc1vtlrm_xr0000gn/T/"/>
    <property name="idea.version" value="2021.3.3"/>
    <property name="java.version" value="11.0.14.1"/>
    <property name="user.dir" value="/Users/diana/Documents/Projects/wallet-app"/>
    <property name="os.arch" value="x86_64"/>
    <property name="java.vm.specification.name" value="Java Virtual Machine Specification"/>
    <property name="java.awt.printerjob" value="sun.lwawt.macosx.CPrinterJob"/>
    <property name="sun.os.patch.level" value="unknown"/>
    <property name="java.library.path" value="/Users/diana/Library/Java/Extensions:/Library/Java/Extensions:/Network/Library/Java/Extensions:/System/Library/Java/Extensions:/usr/lib/java:."/>
    <property name="java.vm.info" value="mixed mode"/>
    <property name="java.vendor" value="JetBrains s.r.o."/>
    <property name="java.vm.version" value="11.0.14.1+1-b1751.46"/>
    <property name="sun.io.unicode.encoding" value="UnicodeBig"/>
    <property name="java.class.version" value="55.0"/>
    <property name="socksNonProxyHosts" value="local|*.local|169.254/16|*.169.254/16"/>
  </properties>
  <testcase name="testGetTransactionsByUserIdOrderedDesc2" classname="com.api.wallet.service.TransactionServiceTest" time="0.648"/>
  <testcase name="testGetLastBalanacedByAccountNumber3" classname="com.api.wallet.service.TransactionServiceTest" time="0.004"/>
  <testcase name="testConvertTransactionEntityToDTO" classname="com.api.wallet.service.TransactionServiceTest" time="0.005"/>
  <testcase name="testGetTransactionsByUserIdOrderedDesc" classname="com.api.wallet.service.TransactionServiceTest" time="0.066"/>
</testsuite>